TN:
SF:/home/cisco/Documents/learn/udemy_course/Angular/NOV-25/loginTesting/src/polyfills.ts
FNF:0
FNH:0
LF:0
LH:0
BRF:0
BRH:0
end_of_record
TN:
SF:/home/cisco/Documents/learn/udemy_course/Angular/NOV-25/loginTesting/src/test.ts
FNF:0
FNH:0
DA:13,1
DA:18,1
DA:20,1
LF:3
LH:3
BRF:0
BRH:0
end_of_record
TN:
SF:/home/cisco/Documents/learn/udemy_course/Angular/NOV-25/loginTesting/src/app/app.component.ts
FN:3,(anonymous_0)
FNF:1
FNH:1
FNDA:2,(anonymous_0)
DA:8,1
DA:9,2
LF:2
LH:2
BRF:0
BRH:0
end_of_record
TN:
SF:/home/cisco/Documents/learn/udemy_course/Angular/NOV-25/loginTesting/src/app/footer/footer.component.ts
FN:10,(anonymous_0)
FN:12,(anonymous_1)
FNF:2
FNH:2
FNDA:5,(anonymous_0)
FNDA:5,(anonymous_1)
DA:8,1
LF:1
LH:1
BRF:0
BRH:0
end_of_record
TN:
SF:/home/cisco/Documents/learn/udemy_course/Angular/NOV-25/loginTesting/src/app/header/header.component.ts
FN:10,(anonymous_0)
FN:12,(anonymous_1)
FNF:2
FNH:2
FNDA:5,(anonymous_0)
FNDA:5,(anonymous_1)
DA:8,1
LF:1
LH:1
BRF:0
BRH:0
end_of_record
TN:
SF:/home/cisco/Documents/learn/udemy_course/Angular/NOV-25/loginTesting/src/app/landing/landing.component.ts
FN:10,(anonymous_0)
FN:12,(anonymous_1)
FNF:2
FNH:2
FNDA:1,(anonymous_0)
FNDA:1,(anonymous_1)
DA:8,1
LF:1
LH:1
BRF:0
BRH:0
end_of_record
TN:
SF:/home/cisco/Documents/learn/udemy_course/Angular/NOV-25/loginTesting/src/app/login-page/login-page.component.ts
FN:12,(anonymous_0)
FN:14,(anonymous_1)
FN:35,(anonymous_2)
FNF:3
FNH:3
FNDA:4,(anonymous_0)
FNDA:4,(anonymous_1)
FNDA:2,(anonymous_2)
DA:11,1
DA:12,4
DA:15,4
DA:17,4
DA:18,4
DA:19,4
DA:20,4
DA:24,4
DA:36,2
DA:37,2
DA:38,2
DA:39,2
DA:41,2
DA:42,0
DA:44,2
LF:15
LH:14
BRDA:41,0,0,0
BRDA:41,0,1,2
BRF:2
BRH:1
end_of_record
TN:
SF:/home/cisco/Documents/learn/udemy_course/Angular/NOV-25/loginTesting/src/assets/user.ts
FNF:0
FNH:0
DA:1,1
LF:1
LH:1
BRF:0
BRH:0
end_of_record
